This is pdfTeX, Version 3.1415926-2.5-1.40.14 (TeX Live 2013) (format=pdflatex 2013.5.30)  9 JUN 2014 09:44
entering extended mode
 restricted \write18 enabled.
 %&-line parsing enabled.
**v5.tex
(./v5.tex
LaTeX2e <2011/06/27>
Babel <3.9f> and hyphenation patterns for 78 languages loaded.
(/usr/local/texlive/2013/texmf-dist/tex/latex/base/article.cls
Document Class: article 2007/10/19 v1.4h Standard LaTeX document class
(/usr/local/texlive/2013/texmf-dist/tex/latex/base/size10.clo
File: size10.clo 2007/10/19 v1.4h Standard LaTeX file (size option)
)
\c@part=\count79
\c@section=\count80
\c@subsection=\count81
\c@subsubsection=\count82
\c@paragraph=\count83
\c@subparagraph=\count84
\c@figure=\count85
\c@table=\count86
\abovecaptionskip=\skip41
\belowcaptionskip=\skip42
\bibindent=\dimen102
)
(/usr/local/texlive/2013/texmf-dist/tex/latex/geometry/geometry.sty
Package: geometry 2010/09/12 v5.6 Page Geometry

(/usr/local/texlive/2013/texmf-dist/tex/latex/graphics/keyval.sty
Package: keyval 1999/03/16 v1.13 key=value parser (DPC)
\KV@toks@=\toks14
)
(/usr/local/texlive/2013/texmf-dist/tex/generic/oberdiek/ifpdf.sty
Package: ifpdf 2011/01/30 v2.3 Provides the ifpdf switch (HO)
Package ifpdf Info: pdfTeX in PDF mode is detected.
)
(/usr/local/texlive/2013/texmf-dist/tex/generic/oberdiek/ifvtex.sty
Package: ifvtex 2010/03/01 v1.5 Detect VTeX and its facilities (HO)
Package ifvtex Info: VTeX not detected.
)
(/usr/local/texlive/2013/texmf-dist/tex/generic/ifxetex/ifxetex.sty
Package: ifxetex 2010/09/12 v0.6 Provides ifxetex conditional
)
\Gm@cnth=\count87
\Gm@cntv=\count88
\c@Gm@tempcnt=\count89
\Gm@bindingoffset=\dimen103
\Gm@wd@mp=\dimen104
\Gm@odd@mp=\dimen105
\Gm@even@mp=\dimen106
\Gm@layoutwidth=\dimen107
\Gm@layoutheight=\dimen108
\Gm@layouthoffset=\dimen109
\Gm@layoutvoffset=\dimen110
\Gm@dimlist=\toks15
)
(/usr/local/texlive/2013/texmf-dist/tex/latex/hyperref/hyperref.sty
Package: hyperref 2012/11/06 v6.83m Hypertext links for LaTeX

(/usr/local/texlive/2013/texmf-dist/tex/generic/oberdiek/hobsub-hyperref.sty
Package: hobsub-hyperref 2012/05/28 v1.13 Bundle oberdiek, subset hyperref (HO)


(/usr/local/texlive/2013/texmf-dist/tex/generic/oberdiek/hobsub-generic.sty
Package: hobsub-generic 2012/05/28 v1.13 Bundle oberdiek, subset generic (HO)
Package: hobsub 2012/05/28 v1.13 Construct package bundles (HO)
Package: infwarerr 2010/04/08 v1.3 Providing info/warning/error messages (HO)
Package: ltxcmds 2011/11/09 v1.22 LaTeX kernel commands for general use (HO)
Package: ifluatex 2010/03/01 v1.3 Provides the ifluatex switch (HO)
Package ifluatex Info: LuaTeX not detected.
Package hobsub Info: Skipping package `ifvtex' (already loaded).
Package: intcalc 2007/09/27 v1.1 Expandable calculations with integers (HO)
Package hobsub Info: Skipping package `ifpdf' (already loaded).
Package: etexcmds 2011/02/16 v1.5 Avoid name clashes with e-TeX commands (HO)
Package etexcmds Info: Could not find \expanded.
(etexcmds)             That can mean that you are not using pdfTeX 1.50 or
(etexcmds)             that some package has redefined \expanded.
(etexcmds)             In the latter case, load this package earlier.
Package: kvsetkeys 2012/04/25 v1.16 Key value parser (HO)
Package: kvdefinekeys 2011/04/07 v1.3 Define keys (HO)
Package: pdftexcmds 2011/11/29 v0.20 Utility functions of pdfTeX for LuaTeX (HO
)
Package pdftexcmds Info: LuaTeX not detected.
Package pdftexcmds Info: \pdf@primitive is available.
Package pdftexcmds Info: \pdf@ifprimitive is available.
Package pdftexcmds Info: \pdfdraftmode found.
Package: pdfescape 2011/11/25 v1.13 Implements pdfTeX's escape features (HO)
Package: bigintcalc 2012/04/08 v1.3 Expandable calculations on big integers (HO
)
Package: bitset 2011/01/30 v1.1 Handle bit-vector datatype (HO)
Package: uniquecounter 2011/01/30 v1.2 Provide unlimited unique counter (HO)
)
Package hobsub Info: Skipping package `hobsub' (already loaded).
Package: letltxmacro 2010/09/02 v1.4 Let assignment for LaTeX macros (HO)
Package: hopatch 2012/05/28 v1.2 Wrapper for package hooks (HO)
Package: xcolor-patch 2011/01/30 xcolor patch
Package: atveryend 2011/06/30 v1.8 Hooks at the very end of document (HO)
Package atveryend Info: \enddocument detected (standard20110627).
Package: atbegshi 2011/10/05 v1.16 At begin shipout hook (HO)
Package: refcount 2011/10/16 v3.4 Data extraction from label references (HO)
Package: hycolor 2011/01/30 v1.7 Color options for hyperref/bookmark (HO)
)
(/usr/local/texlive/2013/texmf-dist/tex/latex/oberdiek/auxhook.sty
Package: auxhook 2011/03/04 v1.3 Hooks for auxiliary files (HO)
)
(/usr/local/texlive/2013/texmf-dist/tex/latex/oberdiek/kvoptions.sty
Package: kvoptions 2011/06/30 v3.11 Key value format for package options (HO)
)
\@linkdim=\dimen111
\Hy@linkcounter=\count90
\Hy@pagecounter=\count91

(/usr/local/texlive/2013/texmf-dist/tex/latex/hyperref/pd1enc.def
File: pd1enc.def 2012/11/06 v6.83m Hyperref: PDFDocEncoding definition (HO)
)
\Hy@SavedSpaceFactor=\count92

(/usr/local/texlive/2013/texmf-dist/tex/latex/latexconfig/hyperref.cfg
File: hyperref.cfg 2002/06/06 v1.2 hyperref configuration of TeXLive
)
Package hyperref Info: Hyper figures OFF on input line 4443.
Package hyperref Info: Link nesting OFF on input line 4448.
Package hyperref Info: Hyper index ON on input line 4451.
Package hyperref Info: Plain pages OFF on input line 4458.
Package hyperref Info: Backreferencing OFF on input line 4463.
Package hyperref Info: Implicit mode ON; LaTeX internals redefined.
Package hyperref Info: Bookmarks ON on input line 4688.
\c@Hy@tempcnt=\count93

(/usr/local/texlive/2013/texmf-dist/tex/latex/url/url.sty
\Urlmuskip=\muskip10
Package: url 2006/04/12  ver 3.3  Verb mode for urls, etc.
)
LaTeX Info: Redefining \url on input line 5041.
\XeTeXLinkMargin=\dimen112
\Fld@menulength=\count94
\Field@Width=\dimen113
\Fld@charsize=\dimen114
Package hyperref Info: Hyper figures OFF on input line 6295.
Package hyperref Info: Link nesting OFF on input line 6300.
Package hyperref Info: Hyper index ON on input line 6303.
Package hyperref Info: backreferencing OFF on input line 6310.
Package hyperref Info: Link coloring OFF on input line 6315.
Package hyperref Info: Link coloring with OCG OFF on input line 6320.
Package hyperref Info: PDF/A mode OFF on input line 6325.
LaTeX Info: Redefining \ref on input line 6365.
LaTeX Info: Redefining \pageref on input line 6369.
\Hy@abspage=\count95
\c@Item=\count96
\c@Hfootnote=\count97
)

Package hyperref Message: Driver (autodetected): hpdftex.

(/usr/local/texlive/2013/texmf-dist/tex/latex/hyperref/hpdftex.def
File: hpdftex.def 2012/11/06 v6.83m Hyperref driver for pdfTeX
\Fld@listcount=\count98
\c@bookmark@seq@number=\count99

(/usr/local/texlive/2013/texmf-dist/tex/latex/oberdiek/rerunfilecheck.sty
Package: rerunfilecheck 2011/04/15 v1.7 Rerun checks for auxiliary files (HO)
Package uniquecounter Info: New unique counter `rerunfilecheck' on input line 2
82.
)
\Hy@SectionHShift=\skip43
)
(/usr/local/texlive/2013/texmf-dist/tex/latex/graphics/graphicx.sty
Package: graphicx 1999/02/16 v1.0f Enhanced LaTeX Graphics (DPC,SPQR)

(/usr/local/texlive/2013/texmf-dist/tex/latex/graphics/graphics.sty
Package: graphics 2009/02/05 v1.0o Standard LaTeX Graphics (DPC,SPQR)

(/usr/local/texlive/2013/texmf-dist/tex/latex/graphics/trig.sty
Package: trig 1999/03/16 v1.09 sin cos tan (DPC)
)
(/usr/local/texlive/2013/texmf-dist/tex/latex/latexconfig/graphics.cfg
File: graphics.cfg 2010/04/23 v1.9 graphics configuration of TeX Live
)
Package graphics Info: Driver file: pdftex.def on input line 91.

(/usr/local/texlive/2013/texmf-dist/tex/latex/pdftex-def/pdftex.def
File: pdftex.def 2011/05/27 v0.06d Graphics/color for pdfTeX
\Gread@gobject=\count100
))
\Gin@req@height=\dimen115
\Gin@req@width=\dimen116
)
(/usr/local/texlive/2013/texmf-dist/tex/latex/wrapfig/wrapfig.sty
\wrapoverhang=\dimen117
\WF@size=\dimen118
\c@WF@wrappedlines=\count101
\WF@box=\box26
\WF@everypar=\toks16
Package: wrapfig 2003/01/31  v 3.6
)
(/usr/local/texlive/2013/texmf-dist/tex/latex/caption/subcaption.sty
Package: subcaption 2013/02/03 v1.1-62 Sub-captions (AR)

(/usr/local/texlive/2013/texmf-dist/tex/latex/caption/caption.sty
Package: caption 2013/05/02 v3.3-89 Customizing captions (AR)

(/usr/local/texlive/2013/texmf-dist/tex/latex/caption/caption3.sty
Package: caption3 2013/05/02 v1.6-88 caption3 kernel (AR)
Package caption3 Info: TeX engine: e-TeX on input line 57.
\captionmargin=\dimen119
\captionmargin@=\dimen120
\captionwidth=\dimen121
\caption@tempdima=\dimen122
\caption@indent=\dimen123
\caption@parindent=\dimen124
\caption@hangindent=\dimen125
)
\c@ContinuedFloat=\count102
Package caption Info: hyperref package is loaded.
Package caption Info: wrapfig package is loaded.
)
\c@subfigure=\count103
\c@subtable=\count104
)
(/usr/local/texlive/2013/texmf-dist/tex/latex/comment/comment.sty
\CommentStream=\write3

Excluding comment 'comment')
(/usr/local/texlive/2013/texmf-dist/tex/latex/tools/array.sty
Package: array 2008/09/09 v2.4c Tabular extension package (FMi)
\col@sep=\dimen126
\extrarowheight=\dimen127
\NC@list=\toks17
\extratabsurround=\skip44
\backup@length=\skip45
)
(/usr/local/texlive/2013/texmf-dist/tex/latex/tools/longtable.sty
Package: longtable 2004/02/01 v4.11 Multi-page Table package (DPC)
\LTleft=\skip46
\LTright=\skip47
\LTpre=\skip48
\LTpost=\skip49
\LTchunksize=\count105
\LTcapwidth=\dimen128
\LT@head=\box27
\LT@firsthead=\box28
\LT@foot=\box29
\LT@lastfoot=\box30
\LT@cols=\count106
\LT@rows=\count107
\c@LT@tables=\count108
\c@LT@chunks=\count109
\LT@p@ftn=\toks18
) (./v5.aux)
\openout1 = `v5.aux'.

LaTeX Font Info:    Checking defaults for OML/cmm/m/it on input line 13.
LaTeX Font Info:    ... okay on input line 13.
LaTeX Font Info:    Checking defaults for T1/cmr/m/n on input line 13.
LaTeX Font Info:    ... okay on input line 13.
LaTeX Font Info:    Checking defaults for OT1/cmr/m/n on input line 13.
LaTeX Font Info:    ... okay on input line 13.
LaTeX Font Info:    Checking defaults for OMS/cmsy/m/n on input line 13.
LaTeX Font Info:    ... okay on input line 13.
LaTeX Font Info:    Checking defaults for OMX/cmex/m/n on input line 13.
LaTeX Font Info:    ... okay on input line 13.
LaTeX Font Info:    Checking defaults for U/cmr/m/n on input line 13.
LaTeX Font Info:    ... okay on input line 13.
LaTeX Font Info:    Checking defaults for PD1/pdf/m/n on input line 13.
LaTeX Font Info:    ... okay on input line 13.

*geometry* driver: auto-detecting
*geometry* detected driver: pdftex
*geometry* verbose mode - [ preamble ] result:
* driver: pdftex
* paper: a4paper
* layout: <same size as paper>
* layoutoffset:(h,v)=(0.0pt,0.0pt)
* modes: 
* h-part:(L,W,R)=(72.26999pt, 452.9679pt, 72.26999pt)
* v-part:(T,H,B)=(72.26999pt, 700.50687pt, 72.26999pt)
* \paperwidth=597.50787pt
* \paperheight=845.04684pt
* \textwidth=452.9679pt
* \textheight=700.50687pt
* \oddsidemargin=0.0pt
* \evensidemargin=0.0pt
* \topmargin=-37.0pt
* \headheight=12.0pt
* \headsep=25.0pt
* \topskip=10.0pt
* \footskip=30.0pt
* \marginparwidth=65.0pt
* \marginparsep=11.0pt
* \columnsep=10.0pt
* \skip\footins=9.0pt plus 4.0pt minus 2.0pt
* \hoffset=0.0pt
* \voffset=0.0pt
* \mag=1000
* \@twocolumnfalse
* \@twosidefalse
* \@mparswitchfalse
* \@reversemarginfalse
* (1in=72.27pt=25.4mm, 1cm=28.453pt)

\AtBeginShipoutBox=\box31
Package hyperref Info: Link coloring OFF on input line 13.
(/usr/local/texlive/2013/texmf-dist/tex/latex/hyperref/nameref.sty
Package: nameref 2012/10/27 v2.43 Cross-referencing by name of section

(/usr/local/texlive/2013/texmf-dist/tex/generic/oberdiek/gettitlestring.sty
Package: gettitlestring 2010/12/03 v1.4 Cleanup title references (HO)
)
\c@section@level=\count110
)
LaTeX Info: Redefining \ref on input line 13.
LaTeX Info: Redefining \pageref on input line 13.
LaTeX Info: Redefining \nameref on input line 13.

(./v5.out) (./v5.out)
\@outlinefile=\write4
\openout4 = `v5.out'.


(/usr/local/texlive/2013/texmf-dist/tex/context/base/supp-pdf.mkii
[Loading MPS to PDF converter (version 2006.09.02).]
\scratchcounter=\count111
\scratchdimen=\dimen129
\scratchbox=\box32
\nofMPsegments=\count112
\nofMParguments=\count113
\everyMPshowfont=\toks19
\MPscratchCnt=\count114
\MPscratchDim=\dimen130
\MPnumerator=\count115
\makeMPintoPDFobject=\count116
\everyMPtoPDFconversion=\toks20
) (/usr/local/texlive/2013/texmf-dist/tex/latex/oberdiek/epstopdf-base.sty
Package: epstopdf-base 2010/02/09 v2.5 Base part for package epstopdf

(/usr/local/texlive/2013/texmf-dist/tex/latex/oberdiek/grfext.sty
Package: grfext 2010/08/19 v1.1 Manage graphics extensions (HO)
)
Package grfext Info: Graphics extension search list:
(grfext)             [.pdf,.png,.jpg,.eps]
(grfext)             \AppendGraphicsExtensions on input line 452.

(/usr/local/texlive/2013/texmf-dist/tex/latex/latexconfig/epstopdf-sys.cfg
File: epstopdf-sys.cfg 2010/07/13 v1.3 Configuration of (r)epstopdf for TeX Liv
e
))
Package caption Info: Begin \AtBeginDocument code.
Package caption Info: longtable package is loaded.

(/usr/local/texlive/2013/texmf-dist/tex/latex/caption/ltcaption.sty
Package: ltcaption 2013/02/03 v1.3-62 longtable captions (AR)
)
Package caption Info: End \AtBeginDocument code.
LaTeX Font Info:    External font `cmex10' loaded for size
(Font)              <12> on input line 17.
LaTeX Font Info:    External font `cmex10' loaded for size
(Font)              <8> on input line 17.
LaTeX Font Info:    External font `cmex10' loaded for size
(Font)              <6> on input line 17.
 (./v5.toc
LaTeX Font Info:    External font `cmex10' loaded for size
(Font)              <7> on input line 3.
LaTeX Font Info:    External font `cmex10' loaded for size
(Font)              <5> on input line 3.
)
\tf@toc=\write5
\openout5 = `v5.toc'.

[1

{/usr/local/texlive/2013/texmf-var/fonts/map/pdftex/updmap/pdftex.map}]
<./images/breakout.pdf, id=140, page=1, 433.62pt x 433.62pt>
File: ./images/breakout.pdf Graphic file (type pdf)

<use ./images/breakout.pdf, page 1>
Package pdftex.def Info: ./images/breakout.pdf, page1 used on input line 24.
(pdftex.def)             Requested size: 181.18439pt x 181.18623pt.

<./images/breakout.pdf, id=141, page=2, 433.62pt x 433.62pt>
File: ./images/breakout.pdf Graphic file (type pdf)

<use ./images/breakout.pdf, page 2>
Package pdftex.def Info: ./images/breakout.pdf, page2 used on input line 28.
(pdftex.def)             Requested size: 181.18439pt x 181.18623pt.

<./images/V5PowerPath.pdf, id=142, 457.68593pt x 418.54268pt>
File: ./images/V5PowerPath.pdf Graphic file (type pdf)

<use ./images/V5PowerPath.pdf>
Package pdftex.def Info: ./images/V5PowerPath.pdf used on input line 38.
(pdftex.def)             Requested size: 226.48395pt x 207.11859pt.

Overfull \hbox (30.99475pt too wide) in alignment at lines 44--48
 [] [] [] [] 
 []


Underfull \vbox (badness 10000) detected at line 48
 []

[2 <./images/breakout.pdf> <./images/breakout.pdf> <./images/V5PowerPath.pdf>]
Underfull \vbox (badness 10000) detected at line 53
 []


Underfull \vbox (badness 10000) detected at line 58
 []


Underfull \vbox (badness 10000) detected at line 66
 []

[3] <./images/commutation2.pdf, id=231, 173.88463pt x 176.67104pt>
File: ./images/commutation2.pdf Graphic file (type pdf)

<use ./images/commutation2.pdf>
Package pdftex.def Info: ./images/commutation2.pdf used on input line 80.
(pdftex.def)             Requested size: 181.18439pt x 184.09746pt.

Overfull \hbox (3.81763pt too wide) in paragraph at lines 93--102
 [][] 
 []

<./images/hbridge.pdf, id=235, 174.15062pt x 190.21063pt>
File: ./images/hbridge.pdf Graphic file (type pdf)

<use ./images/hbridge.pdf>
Package pdftex.def Info: ./images/hbridge.pdf used on input line 121.
(pdftex.def)             Requested size: 135.89174pt x 148.43044pt.


LaTeX Warning: `h' float specifier changed to `ht'.

[4 <./images/commutation2.pdf>]
<./images/qg2.pdf, id=261, 300.20558pt x 268.75406pt>
File: ./images/qg2.pdf Graphic file (type pdf)
 <use ./images/qg2.pdf>
Package pdftex.def Info: ./images/qg2.pdf used on input line 135.
(pdftex.def)             Requested size: 181.18439pt x 162.20097pt.

[5 <./images/hbridge.pdf> <./images/qg2.pdf>]
<./images/clamp1.pdf, id=288, 366.04755pt x 235.80095pt>
File: ./images/clamp1.pdf Graphic file (type pdf)

<use ./images/clamp1.pdf>
Package pdftex.def Info: ./images/clamp1.pdf used on input line 158.
(pdftex.def)             Requested size: 226.48395pt x 145.90002pt.

<./images/clamp2.pdf, id=289, 249.39174pt x 231.80603pt>
File: ./images/clamp2.pdf Graphic file (type pdf)

<use ./images/clamp2.pdf>
Package pdftex.def Info: ./images/clamp2.pdf used on input line 163.
(pdftex.def)             Requested size: 158.54152pt x 147.36142pt.

Overfull \hbox (23.93204pt too wide) in paragraph at lines 168--168
\OT1/cmr/m/n/8 Demo Board User Guide, Ap-pli-ca-tion Note 1829 pg 7 http://www.
intersil.com/content/dam/Intersil/documents/an18/an1829.pdf| 
 []

[6 <./images/clamp1.pdf> <./images/clamp2.pdf>]
Underfull \hbox (badness 10000) in paragraph at lines 178--179

 []

<./images/deadtime.pdf, id=323, 240.9pt x 174.15062pt>
File: ./images/deadtime.pdf Graphic file (type pdf)

<use ./images/deadtime.pdf>
Package pdftex.def Info: ./images/deadtime.pdf used on input line 202.
(pdftex.def)             Requested size: 226.48395pt x 163.73349pt.
 [7 <./images/deadtime.pdf>]
<./images/mpu9150.pdf, id=349, 238.72487pt x 255.95625pt>
File: ./images/mpu9150.pdf Graphic file (type pdf)

<use ./images/mpu9150.pdf>
Package pdftex.def Info: ./images/mpu9150.pdf used on input line 215.
(pdftex.def)             Requested size: 181.18439pt x 194.26318pt.

<./images/XbeeDatasheet.pdf, id=351, 224.3572pt x 79.27126pt>
File: ./images/XbeeDatasheet.pdf Graphic file (type pdf)

<use ./images/XbeeDatasheet.pdf>
Package pdftex.def Info: ./images/XbeeDatasheet.pdf used on input line 229.
(pdftex.def)             Requested size: 224.35663pt x 79.27104pt.
 [8 <./images/mpu9150.pdf> <./images/XbeeDatasheet.pdf>] <acs716filter.pdf, id=
407, 402.00188pt x 202.25563pt>
File: acs716filter.pdf Graphic file (type pdf)

<use acs716filter.pdf>
Package pdftex.def Info: acs716filter.pdf used on input line 282.
(pdftex.def)             Requested size: 226.48395pt x 113.9475pt.
 [9]
Underfull \hbox (badness 10000) in paragraph at lines 321--336

 []

[10 <./acs716filter.pdf>] (./billofmaterials.tex [11]pdfTeX warning (ext4): des
tination with the same identifier (name{table.2}) has been already used, duplic
ate ignored
<to be read again> 
                   \relax 
l.4 ...\arraybackslash}p{0.4\textwidth} | c | l |}
                                                  
Overfull \hbox (7.19159pt too wide) in alignment at lines 4--6
 [] [] [] 
 []


Package hyperref Warning: Suppressing link with empty target on input line 16.


Package hyperref Warning: Suppressing link with empty target on input line 17.


Package hyperref Warning: Suppressing link with empty target on input line 18.


Package hyperref Warning: Suppressing link with empty target on input line 19.


Package hyperref Warning: Suppressing link with empty target on input line 20.


Package hyperref Warning: Suppressing link with empty target on input line 21.


Package hyperref Warning: Suppressing link with empty target on input line 22.


Package hyperref Warning: Suppressing link with empty target on input line 23.


Package hyperref Warning: Suppressing link with empty target on input line 24.


Package hyperref Warning: Suppressing link with empty target on input line 25.


Package hyperref Warning: Suppressing link with empty target on input line 26.


Overfull \hbox (7.19159pt too wide) in alignment at lines 6--28
 [] [] [] 
 []


Underfull \vbox (badness 10000) detected at line 28
 []


Package hyperref Warning: Suppressing link with empty target on input line 29.


Package hyperref Warning: Suppressing link with empty target on input line 30.


Package hyperref Warning: Suppressing link with empty target on input line 31.


Package hyperref Warning: Suppressing link with empty target on input line 32.


Package hyperref Warning: Suppressing link with empty target on input line 33.


Package hyperref Warning: Suppressing link with empty target on input line 34.


Package hyperref Warning: Suppressing link with empty target on input line 35.


Package hyperref Warning: Suppressing link with empty target on input line 36.


Package hyperref Warning: Suppressing link with empty target on input line 37.


Package hyperref Warning: Suppressing link with empty target on input line 38.


Package hyperref Warning: Suppressing link with empty target on input line 39.


Package hyperref Warning: Suppressing link with empty target on input line 40.


Package hyperref Warning: Suppressing link with empty target on input line 41.


Package hyperref Warning: Suppressing link with empty target on input line 42.


Package hyperref Warning: Suppressing link with empty target on input line 43.


Package hyperref Warning: Suppressing link with empty target on input line 44.


Package hyperref Warning: Suppressing link with empty target on input line 45.


Overfull \hbox (7.19159pt too wide) in alignment at lines 28--50
 [] [] [] 
 []


Overfull \hbox (7.19159pt too wide) in alignment at lines 50--76
 [] [] [] 
 []


Overfull \hbox (7.19159pt too wide) in alignment at lines 76--102
 [] [] [] 
 []

[12]
Overfull \hbox (7.19159pt too wide) in alignment at lines 102--111
 [] [] [] 
 []

)
Package atveryend Info: Empty hook `BeforeClearDocument' on input line 350.
 [13]
Package atveryend Info: Empty hook `AfterLastShipout' on input line 350.
 (./v5.aux)
Package atveryend Info: Executing hook `AtVeryEndDocument' on input line 350.
Package atveryend Info: Executing hook `AtEndAfterFileList' on input line 350.
Package rerunfilecheck Info: File `v5.out' has not changed.
(rerunfilecheck)             Checksum: 518DDB0D38A8ED1B6F700BCF4737619F;1538.
Package atveryend Info: Empty hook `AtVeryVeryEnd' on input line 350.
 ) 
Here is how much of TeX's memory you used:
 7002 strings out of 493315
 107626 string characters out of 6137904
 225120 words of memory out of 5000000
 10319 multiletter control sequences out of 15000+600000
 8194 words of font info for 29 fonts, out of 8000000 for 9000
 957 hyphenation exceptions out of 8191
 42i,11n,40p,968b,458s stack positions out of 5000i,500n,10000p,200000b,80000s
pdfTeX warning (dest): name{Hfootnote.5} has been referenced but does not exi
st, replaced by a fixed one

pdfTeX warning (dest): name{Hfootnote.4} has been referenced but does not exist
, replaced by a fixed one

pdfTeX warning (dest): name{Hfootnote.3} has been referenced but does not exist
, replaced by a fixed one

pdfTeX warning (dest): name{Hfootnote.2} has been referenced but does not exist
, replaced by a fixed one

pdfTeX warning (dest): name{Hfootnote.1} has been referenced but does not exist
, replaced by a fixed one

</usr/local/texlive/2013/texmf-dist/fonts/type1/public/amsfonts/cm/cmbx10.pfb><
/usr/local/texlive/2013/texmf-dist/fonts/type1/public/amsfonts/cm/cmbx12.pfb></
usr/local/texlive/2013/texmf-dist/fonts/type1/public/amsfonts/cm/cmex10.pfb></u
sr/local/texlive/2013/texmf-dist/fonts/type1/public/amsfonts/cm/cmmi10.pfb></us
r/local/texlive/2013/texmf-dist/fonts/type1/public/amsfonts/cm/cmmi5.pfb></usr/
local/texlive/2013/texmf-dist/fonts/type1/public/amsfonts/cm/cmmi7.pfb></usr/lo
cal/texlive/2013/texmf-dist/fonts/type1/public/amsfonts/cm/cmr10.pfb></usr/loca
l/texlive/2013/texmf-dist/fonts/type1/public/amsfonts/cm/cmr12.pfb></usr/local/
texlive/2013/texmf-dist/fonts/type1/public/amsfonts/cm/cmr17.pfb></usr/local/te
xlive/2013/texmf-dist/fonts/type1/public/amsfonts/cm/cmr6.pfb></usr/local/texli
ve/2013/texmf-dist/fonts/type1/public/amsfonts/cm/cmr7.pfb></usr/local/texlive/
2013/texmf-dist/fonts/type1/public/amsfonts/cm/cmr8.pfb></usr/local/texlive/201
3/texmf-dist/fonts/type1/public/amsfonts/cm/cmr9.pfb></usr/local/texlive/2013/t
exmf-dist/fonts/type1/public/amsfonts/cm/cmsy10.pfb>
Output written on v5.pdf (13 pages, 1052068 bytes).
PDF statistics:
 553 PDF objects out of 1000 (max. 8388607)
 437 compressed objects within 5 object streams
 73 named destinations out of 1000 (max. 500000)
 261 words of extra memory for PDF output out of 10000 (max. 10000000)

