\BOOKMARK [1][-]{section.1}{dsPIC Pinout}{}% 1
\BOOKMARK [1][-]{section.2}{Power Regulation}{}% 2
\BOOKMARK [2][-]{subsection.2.1}{Primary Board}{section.2}% 3
\BOOKMARK [2][-]{subsection.2.2}{Digital Isolation}{section.2}% 4
\BOOKMARK [1][-]{section.3}{BLDC Motor Driver}{}% 5
\BOOKMARK [2][-]{subsection.3.1}{BLDC Motor Background}{section.3}% 6
\BOOKMARK [2][-]{subsection.3.2}{HIP4086 Driver}{section.3}% 7
\BOOKMARK [2][-]{subsection.3.3}{MOSFET Selection}{section.3}% 8
\BOOKMARK [2][-]{subsection.3.4}{Clamping Circuit}{section.3}% 9
\BOOKMARK [2][-]{subsection.3.5}{Bootstrap Capacitor, Diode and Resistor Selection}{section.3}% 10
\BOOKMARK [2][-]{subsection.3.6}{Set Dead Time on the HIP4086}{section.3}% 11
\BOOKMARK [1][-]{section.4}{Inertial Measurement Unit - MPU9150}{}% 12
\BOOKMARK [1][-]{section.5}{XBee}{}% 13
\BOOKMARK [1][-]{section.6}{Magnet Control}{}% 14
\BOOKMARK [1][-]{section.7}{IR LEDs}{}% 15
\BOOKMARK [2][-]{subsection.7.1}{IR LED Resistor Values}{section.7}% 16
\BOOKMARK [1][-]{section.8}{Current Sensor}{}% 17
\BOOKMARK [2][-]{subsection.8.1}{dsPIC ADC Inductor}{section.8}% 18
\BOOKMARK [2][-]{subsection.8.2}{ACS716 Filter Capacitor}{section.8}% 19
\BOOKMARK [2][-]{subsection.8.3}{Overcurrent Threshold}{section.8}% 20
\BOOKMARK [1][-]{section.9}{Wire Gages}{}% 21
\BOOKMARK [2][-]{subsection.9.1}{Wire Sources}{section.9}% 22
\BOOKMARK [2][-]{subsection.9.2}{Wire Requirements}{section.9}% 23
\BOOKMARK [1][-]{section.10}{PCB Bill of Materials}{}% 24
\BOOKMARK [1][-]{section.11}{Board Issues}{}% 25
